GAS LISTING /tmp/ccyPjjsd.s 			page 1


   1              		.file	"main.cpp"
   2              		.option pic
   3              		.option norelax
   4              		.text
   5              	.Ltext0:
   6              		.align	2
   7              		.globl	main
   9              	main:
  10              	.LFB26:
  11              		.file 1 "src/main.cpp"
   1:src/main.cpp  **** #include "../h/syscall_cpp.hpp"
   2:src/main.cpp  **** #include "../lib/console.h"
   3:src/main.cpp  **** #include "../h/Riscv.hpp"
   4:src/main.cpp  **** #include "../h/Tests.hpp"
   5:src/main.cpp  **** #include "../test/userMain.hpp"
   6:src/main.cpp  **** 
   7:src/main.cpp  **** void main()
   8:src/main.cpp  **** {
  12              		.loc 1 8 1
  13              		.cfi_startproc
  14 0000 130101FF 		addi	sp,sp,-16
  15              		.cfi_def_cfa_offset 16
  16 0004 23341100 		sd	ra,8(sp)
  17 0008 23308100 		sd	s0,0(sp)
  18              		.cfi_offset 1, -8
  19              		.cfi_offset 8, -16
  20 000c 13040101 		addi	s0,sp,16
  21              		.cfi_def_cfa 8, 0
   9:src/main.cpp  ****     Riscv::kernelMain();
  22              		.loc 1 9 5
  23              		.loc 1 9 22 is_stmt 0
  24 0010 97000000 		call	_ZN5Riscv10kernelMainEv@plt
  24      E7800000 
  25              	.LVL0:
  10:src/main.cpp  **** }...
  26              		.loc 1 10 1
  27 0018 83308100 		ld	ra,8(sp)
  28              		.cfi_restore 1
  29 001c 03340100 		ld	s0,0(sp)
  30              		.cfi_restore 8
  31              		.cfi_def_cfa 2, 16
  32 0020 13010101 		addi	sp,sp,16
  33              		.cfi_def_cfa_offset 0
  34 0024 67800000 		jr	ra
  35              		.cfi_endproc
  36              	.LFE26:
  38              	.Letext0:
  39              		.file 2 "src/../h/../lib/hw.h"
  40              		.file 3 "src/../h/Riscv.hpp"
GAS LISTING /tmp/ccyPjjsd.s 			page 2


DEFINED SYMBOLS
                            *ABS*:0000000000000000 main.cpp
     /tmp/ccyPjjsd.s:9      .text:0000000000000000 main
     /tmp/ccyPjjsd.s:13     .text:0000000000000000 .L0 
     /tmp/ccyPjjsd.s:14     .text:0000000000000000 .L0 
     /tmp/ccyPjjsd.s:15     .text:0000000000000004 .L0 
     /tmp/ccyPjjsd.s:18     .text:000000000000000c .L0 
     /tmp/ccyPjjsd.s:19     .text:000000000000000c .L0 
     /tmp/ccyPjjsd.s:21     .text:0000000000000010 .L0 
     /tmp/ccyPjjsd.s:23     .text:0000000000000010 .L0 
     /tmp/ccyPjjsd.s:24     .text:0000000000000010 .L0 
     /tmp/ccyPjjsd.s:27     .text:0000000000000018 .L0 
     /tmp/ccyPjjsd.s:28     .text:000000000000001c .L0 
     /tmp/ccyPjjsd.s:30     .text:0000000000000020 .L0 
     /tmp/ccyPjjsd.s:31     .text:0000000000000020 .L0 
     /tmp/ccyPjjsd.s:33     .text:0000000000000024 .L0 
     /tmp/ccyPjjsd.s:35     .text:0000000000000028 .L0 
     /tmp/ccyPjjsd.s:41     .text:0000000000000028 .L0 
     /tmp/ccyPjjsd.s:597    .debug_abbrev:0000000000000000 .Ldebug_abbrev0
     /tmp/ccyPjjsd.s:942    .debug_str:00000000000000b2 .LASF99
     /tmp/ccyPjjsd.s:978    .debug_str:000000000000029b .LASF100
     /tmp/ccyPjjsd.s:1094   .debug_str:000000000000062c .LASF101
     /tmp/ccyPjjsd.s:5      .text:0000000000000000 .Ltext0
     /tmp/ccyPjjsd.s:38     .text:0000000000000028 .Letext0
     /tmp/ccyPjjsd.s:918    .debug_line:0000000000000000 .Ldebug_line0
     /tmp/ccyPjjsd.s:1002   .debug_str:0000000000000357 .LASF0
     /tmp/ccyPjjsd.s:1022   .debug_str:000000000000040a .LASF1
     /tmp/ccyPjjsd.s:1068   .debug_str:0000000000000576 .LASF2
     /tmp/ccyPjjsd.s:1074   .debug_str:00000000000005a3 .LASF4
     /tmp/ccyPjjsd.s:1014   .debug_str:00000000000003b0 .LASF3
     /tmp/ccyPjjsd.s:924    .debug_str:000000000000001e .LASF5
     /tmp/ccyPjjsd.s:1050   .debug_str:00000000000004f8 .LASF6
     /tmp/ccyPjjsd.s:1018   .debug_str:00000000000003e4 .LASF7
     /tmp/ccyPjjsd.s:982    .debug_str:00000000000002ad .LASF8
     /tmp/ccyPjjsd.s:988    .debug_str:00000000000002f0 .LASF9
     /tmp/ccyPjjsd.s:950    .debug_str:0000000000000195 .LASF10
     /tmp/ccyPjjsd.s:976    .debug_str:000000000000028c .LASF11
     /tmp/ccyPjjsd.s:954    .debug_str:00000000000001c8 .LASF12
     /tmp/ccyPjjsd.s:948    .debug_str:0000000000000185 .LASF13
     /tmp/ccyPjjsd.s:1088   .debug_str:0000000000000607 .LASF14
     /tmp/ccyPjjsd.s:972    .debug_str:000000000000025b .LASF15
     /tmp/ccyPjjsd.s:1082   .debug_str:00000000000005d2 .LASF16
     /tmp/ccyPjjsd.s:1110   .debug_str:00000000000006c1 .LASF102
     /tmp/ccyPjjsd.s:998    .debug_str:0000000000000334 .LASF17
     /tmp/ccyPjjsd.s:1084   .debug_str:00000000000005e8 .LASF19
     /tmp/ccyPjjsd.s:1040   .debug_str:00000000000004b5 .LASF18
     /tmp/ccyPjjsd.s:1030   .debug_str:000000000000045d .LASF20
     /tmp/ccyPjjsd.s:970    .debug_str:0000000000000251 .LASF21
     /tmp/ccyPjjsd.s:920    .debug_str:0000000000000000 .LASF22
     /tmp/ccyPjjsd.s:1032   .debug_str:0000000000000475 .LASF29
     /tmp/ccyPjjsd.s:1106   .debug_str:0000000000000699 .LASF31
     /tmp/ccyPjjsd.s:1104   .debug_str:0000000000000688 .LASF23
     /tmp/ccyPjjsd.s:1024   .debug_str:000000000000041d .LASF24
     /tmp/ccyPjjsd.s:966    .debug_str:0000000000000227 .LASF25
     /tmp/ccyPjjsd.s:952    .debug_str:00000000000001a4 .LASF26
     /tmp/ccyPjjsd.s:1010   .debug_str:000000000000038b .LASF27
     /tmp/ccyPjjsd.s:956    .debug_str:00000000000001d8 .LASF28
GAS LISTING /tmp/ccyPjjsd.s 			page 3


     /tmp/ccyPjjsd.s:1120   .debug_str:0000000000000709 .LASF30
     /tmp/ccyPjjsd.s:930    .debug_str:0000000000000042 .LASF32
     /tmp/ccyPjjsd.s:1054   .debug_str:0000000000000520 .LASF33
     /tmp/ccyPjjsd.s:932    .debug_str:000000000000005d .LASF34
     /tmp/ccyPjjsd.s:936    .debug_str:0000000000000086 .LASF35
     /tmp/ccyPjjsd.s:984    .debug_str:00000000000002bd .LASF36
     /tmp/ccyPjjsd.s:1080   .debug_str:00000000000005c4 .LASF37
     /tmp/ccyPjjsd.s:974    .debug_str:0000000000000271 .LASF38
     /tmp/ccyPjjsd.s:1004   .debug_str:0000000000000364 .LASF39
     /tmp/ccyPjjsd.s:1114   .debug_str:00000000000006d1 .LASF40
     /tmp/ccyPjjsd.s:1102   .debug_str:000000000000067f .LASF43
     /tmp/ccyPjjsd.s:1096   .debug_str:000000000000064f .LASF45
     /tmp/ccyPjjsd.s:1064   .debug_str:0000000000000562 .LASF41
     /tmp/ccyPjjsd.s:1048   .debug_str:00000000000004e3 .LASF42
     /tmp/ccyPjjsd.s:1056   .debug_str:000000000000052d .LASF44
     /tmp/ccyPjjsd.s:1058   .debug_str:0000000000000534 .LASF46
     /tmp/ccyPjjsd.s:1044   .debug_str:00000000000004c8 .LASF47
     /tmp/ccyPjjsd.s:1020   .debug_str:00000000000003f7 .LASF48
     /tmp/ccyPjjsd.s:1116   .debug_str:00000000000006eb .LASF49
     /tmp/ccyPjjsd.s:1092   .debug_str:0000000000000618 .LASF50
     /tmp/ccyPjjsd.s:1042   .debug_str:00000000000004c0 .LASF51
     /tmp/ccyPjjsd.s:1046   .debug_str:00000000000004cf .LASF52
     /tmp/ccyPjjsd.s:1036   .debug_str:000000000000049b .LASF53
     /tmp/ccyPjjsd.s:1060   .debug_str:0000000000000547 .LASF54
     /tmp/ccyPjjsd.s:1124   .debug_str:000000000000072d .LASF55
     /tmp/ccyPjjsd.s:1008   .debug_str:0000000000000377 .LASF56
     /tmp/ccyPjjsd.s:1086   .debug_str:0000000000000600 .LASF57
     /tmp/ccyPjjsd.s:1076   .debug_str:00000000000005aa .LASF58
     /tmp/ccyPjjsd.s:1078   .debug_str:00000000000005bd .LASF59
     /tmp/ccyPjjsd.s:968    .debug_str:000000000000023e .LASF60
     /tmp/ccyPjjsd.s:964    .debug_str:0000000000000221 .LASF61
     /tmp/ccyPjjsd.s:928    .debug_str:0000000000000030 .LASF62
     /tmp/ccyPjjsd.s:1006   .debug_str:0000000000000371 .LASF63
     /tmp/ccyPjjsd.s:962    .debug_str:000000000000020f .LASF64
     /tmp/ccyPjjsd.s:926    .debug_str:0000000000000025 .LASF65
     /tmp/ccyPjjsd.s:1072   .debug_str:000000000000058b .LASF66
     /tmp/ccyPjjsd.s:1066   .debug_str:000000000000056b .LASF67
     /tmp/ccyPjjsd.s:1122   .debug_str:0000000000000715 .LASF68
     /tmp/ccyPjjsd.s:1070   .debug_str:0000000000000584 .LASF69
     /tmp/ccyPjjsd.s:946    .debug_str:0000000000000172 .LASF70
     /tmp/ccyPjjsd.s:1112   .debug_str:00000000000006c7 .LASF71
     /tmp/ccyPjjsd.s:1118   .debug_str:00000000000006f3 .LASF72
     /tmp/ccyPjjsd.s:1108   .debug_str:00000000000006b7 .LASF73
     /tmp/ccyPjjsd.s:1034   .debug_str:0000000000000485 .LASF74
     /tmp/ccyPjjsd.s:960    .debug_str:0000000000000209 .LASF75
     /tmp/ccyPjjsd.s:992    .debug_str:0000000000000311 .LASF76
     /tmp/ccyPjjsd.s:996    .debug_str:000000000000032e .LASF77
     /tmp/ccyPjjsd.s:958    .debug_str:00000000000001f7 .LASF78
     /tmp/ccyPjjsd.s:994    .debug_str:0000000000000323 .LASF79
     /tmp/ccyPjjsd.s:1000   .debug_str:000000000000033f .LASF80
     /tmp/ccyPjjsd.s:1100   .debug_str:0000000000000670 .LASF81
     /tmp/ccyPjjsd.s:986    .debug_str:00000000000002d4 .LASF82
     /tmp/ccyPjjsd.s:1052   .debug_str:000000000000050b .LASF83
     /tmp/ccyPjjsd.s:1016   .debug_str:00000000000003c2 .LASF84
     /tmp/ccyPjjsd.s:934    .debug_str:0000000000000077 .LASF85
     /tmp/ccyPjjsd.s:1028   .debug_str:0000000000000440 .LASF86
     /tmp/ccyPjjsd.s:1062   .debug_str:000000000000055b .LASF87
GAS LISTING /tmp/ccyPjjsd.s 			page 4


     /tmp/ccyPjjsd.s:922    .debug_str:0000000000000016 .LASF88
     /tmp/ccyPjjsd.s:938    .debug_str:0000000000000090 .LASF89
     /tmp/ccyPjjsd.s:1098   .debug_str:0000000000000664 .LASF90
     /tmp/ccyPjjsd.s:940    .debug_str:000000000000009f .LASF91
     /tmp/ccyPjjsd.s:1038   .debug_str:00000000000004a3 .LASF92
     /tmp/ccyPjjsd.s:990    .debug_str:00000000000002fe .LASF93
     /tmp/ccyPjjsd.s:1012   .debug_str:000000000000039d .LASF94
     /tmp/ccyPjjsd.s:944    .debug_str:000000000000015e .LASF95
     /tmp/ccyPjjsd.s:1090   .debug_str:0000000000000613 .LASF96
     /tmp/ccyPjjsd.s:1026   .debug_str:000000000000043b .LASF97
     /tmp/ccyPjjsd.s:980    .debug_str:00000000000002a8 .LASF98
     /tmp/ccyPjjsd.s:10     .text:0000000000000000 .LFB26
     /tmp/ccyPjjsd.s:36     .text:0000000000000028 .LFE26
     /tmp/ccyPjjsd.s:25     .text:0000000000000018 .LVL0
     /tmp/ccyPjjsd.s:42     .debug_info:0000000000000000 .Ldebug_info0

UNDEFINED SYMBOLS
_ZN5Riscv10kernelMainEv
