GAS LISTING /tmp/cc67WEwg.s 			page 1


   1              		.file	"Queue.cpp"
   2              		.option pic
   3              		.option norelax
   4              		.text
   5              	.Ltext0:
   6              	.Letext0:
   7              		.file 1 "src/../h/../lib/hw.h"
GAS LISTING /tmp/cc67WEwg.s 			page 2


DEFINED SYMBOLS
                            *ABS*:0000000000000000 Queue.cpp
     /tmp/cc67WEwg.s:134    .debug_abbrev:0000000000000000 .Ldebug_abbrev0
     /tmp/cc67WEwg.s:279    .debug_str:000000000000001a .LASF17
     /tmp/cc67WEwg.s:311    .debug_str:00000000000001be .LASF18
     /tmp/cc67WEwg.s:307    .debug_str:000000000000018b .LASF19
     /tmp/cc67WEwg.s:273    .debug_line:0000000000000000 .Ldebug_line0
     /tmp/cc67WEwg.s:299    .debug_str:0000000000000148 .LASF0
     /tmp/cc67WEwg.s:295    .debug_str:0000000000000129 .LASF1
     /tmp/cc67WEwg.s:291    .debug_str:0000000000000109 .LASF2
     /tmp/cc67WEwg.s:283    .debug_str:00000000000000ca .LASF4
     /tmp/cc67WEwg.s:293    .debug_str:0000000000000117 .LASF3
     /tmp/cc67WEwg.s:277    .debug_str:0000000000000013 .LASF5
     /tmp/cc67WEwg.s:275    .debug_str:0000000000000000 .LASF6
     /tmp/cc67WEwg.s:287    .debug_str:00000000000000e7 .LASF7
     /tmp/cc67WEwg.s:301    .debug_str:0000000000000155 .LASF8
     /tmp/cc67WEwg.s:281    .debug_str:00000000000000bc .LASF9
     /tmp/cc67WEwg.s:313    .debug_str:00000000000001cc .LASF10
     /tmp/cc67WEwg.s:289    .debug_str:00000000000000fa .LASF11
     /tmp/cc67WEwg.s:309    .debug_str:00000000000001ae .LASF12
     /tmp/cc67WEwg.s:305    .debug_str:000000000000017b .LASF13
     /tmp/cc67WEwg.s:297    .debug_str:000000000000013c .LASF14
     /tmp/cc67WEwg.s:285    .debug_str:00000000000000d1 .LASF15
     /tmp/cc67WEwg.s:303    .debug_str:0000000000000165 .LASF16
     /tmp/cc67WEwg.s:9      .debug_info:0000000000000000 .Ldebug_info0

NO UNDEFINED SYMBOLS
