GAS LISTING /tmp/ccyZBuzg.s 			page 1


   1              		.file	"syscall_c.c"
   2              		.option nopic
   3              		.option norelax
   4              		.text
   5              	.Ltext0:
   6              		.cfi_sections	.debug_frame
   7              		.align	2
   8              		.globl	mem_alloc
  10              	mem_alloc:
  11              	.LFB0:
  12              		.file 1 "src/syscall_c.c"
   1:src/syscall_c.c **** //
   2:src/syscall_c.c **** // Created by os on 4/9/22.
   3:src/syscall_c.c **** //
   4:src/syscall_c.c **** 
   5:src/syscall_c.c **** #include "../h/syscall_c.h"
   6:src/syscall_c.c **** 
   7:src/syscall_c.c **** #ifdef __cplusplus
   8:src/syscall_c.c **** extern "C"
   9:src/syscall_c.c **** #endif
  10:src/syscall_c.c **** void* mem_alloc(size_t size)
  11:src/syscall_c.c **** {
  13              		.loc 1 11 1
  14              		.cfi_startproc
  15              	.LVL0:
  16 0000 130101FF 		addi	sp,sp,-16
  17              		.cfi_def_cfa_offset 16
  18 0004 23348100 		sd	s0,8(sp)
  19              		.cfi_offset 8, -8
  20 0008 13040101 		addi	s0,sp,16
  21              		.cfi_def_cfa 8, 0
  12:src/syscall_c.c ****     //prepare for system call
  13:src/syscall_c.c ****     __asm__ volatile("li a0, 1");
  22              		.loc 1 13 5
  23              	#APP
  24              	# 13 "src/syscall_c.c" 1
  14              	    uint64 numBlocks = (size + MEM_BLOCK_SIZE - 1) / MEM_BLOCK_SIZE;
  25              		li a0, 1
  26              	# 0 "" 2
  27              		.loc 1 14 5
  28              		.loc 1 14 47 is_stmt 0
  29              	#NO_APP
  30 0010 1305F503 		addi	a0,a0,63
  31              	.LVL1:
  32              		.loc 1 14 12
  33 0014 13556500 		srli	a0,a0,6
  34              	.LVL2:
  15:src/syscall_c.c ****     __asm__ volatile("mv a1, %0" :  : "r"(numBlocks));
  35              		.loc 1 15 5 is_stmt 1
  36              	#APP
  37              	# 15 "src/syscall_c.c" 1
  16              	
  17:src/syscall_c.c ****     __asm__ volatile("ecall"); // system call
  38              		mv a1, a0
  39              	# 0 "" 2
  40              		.loc 1 17 5
  41              	# 17 "src/syscall_c.c" 1
GAS LISTING /tmp/ccyZBuzg.s 			page 2


  18              	
  19:src/syscall_c.c ****     //get the address
  20:src/syscall_c.c ****     uint64 allocatedAddr = 0x01;
  42              		ecall
  43              	# 0 "" 2
  44              		.loc 1 20 5
  45              	.LVL3:
  21:src/syscall_c.c ****     __asm__ volatile("mv %0, a0" : "=r"(allocatedAddr));
  46              		.loc 1 21 5
  47              	# 21 "src/syscall_c.c" 1
  22              	
  48              		mv a0, a0
  49              	# 0 "" 2
  50              	.LVL4:
  23:src/syscall_c.c ****     return (void*)allocatedAddr;
  51              		.loc 1 23 5
  24:src/syscall_c.c **** }
  52              		.loc 1 24 1 is_stmt 0
  53              	#NO_APP
  54 0024 03348100 		ld	s0,8(sp)
  55              		.cfi_restore 8
  56              		.cfi_def_cfa 2, 16
  57 0028 13010101 		addi	sp,sp,16
  58              		.cfi_def_cfa_offset 0
  59 002c 67800000 		jr	ra
  60              		.cfi_endproc
  61              	.LFE0:
  63              		.align	2
  64              		.globl	mem_free
  66              	mem_free:
  67              	.LFB1:
  25:src/syscall_c.c **** 
  26:src/syscall_c.c **** #ifdef __cplusplus
  27:src/syscall_c.c **** extern "C"
  28:src/syscall_c.c **** #endif
  29:src/syscall_c.c **** int mem_free(void* p)
  30:src/syscall_c.c **** {
  68              		.loc 1 30 1 is_stmt 1
  69              		.cfi_startproc
  70              	.LVL5:
  71 0030 130101FF 		addi	sp,sp,-16
  72              		.cfi_def_cfa_offset 16
  73 0034 23348100 		sd	s0,8(sp)
  74              		.cfi_offset 8, -8
  75 0038 13040101 		addi	s0,sp,16
  76              		.cfi_def_cfa 8, 0
  31:src/syscall_c.c ****     //prepare for system call
  32:src/syscall_c.c ****     __asm__ volatile("li a0, 2");
  77              		.loc 1 32 5
  78              	#APP
  79              	# 32 "src/syscall_c.c" 1
  33              	    uint64 addrFree = (uint64)p;
  80              		li a0, 2
  81              	# 0 "" 2
  82              		.loc 1 33 5
  83              	.LVL6:
  34:src/syscall_c.c ****     __asm__ volatile("mv a1, %0" :  : "r"(addrFree));
GAS LISTING /tmp/ccyZBuzg.s 			page 3


  84              		.loc 1 34 5
  85              	# 34 "src/syscall_c.c" 1
  35              	
  36:src/syscall_c.c ****     __asm__ volatile("ecall"); // system call
  86              		mv a1, a0
  87              	# 0 "" 2
  88              		.loc 1 36 5
  89              	# 36 "src/syscall_c.c" 1
  37              	
  38:src/syscall_c.c ****     //get the result of system call
  39:src/syscall_c.c ****     uint64 result;
  90              		ecall
  91              	# 0 "" 2
  92              		.loc 1 39 5
  40:src/syscall_c.c ****     __asm__ volatile("mv %0, a0" : "=r"(result));
  93              		.loc 1 40 5
  94              	# 40 "src/syscall_c.c" 1
  41              	
  95              		mv a0, a0
  96              	# 0 "" 2
  97              	.LVL7:
  42:src/syscall_c.c ****     return result;
  98              		.loc 1 42 5
  43:src/syscall_c.c **** }
  99              		.loc 1 43 1 is_stmt 0
 100              	#NO_APP
 101 004c 1B050500 		sext.w	a0,a0
 102              	.LVL8:
 103 0050 03348100 		ld	s0,8(sp)
 104              		.cfi_restore 8
 105              		.cfi_def_cfa 2, 16
 106 0054 13010101 		addi	sp,sp,16
 107              		.cfi_def_cfa_offset 0
 108 0058 67800000 		jr	ra
 109              		.cfi_endproc
 110              	.LFE1:
 112              	.Letext0:
 113              		.file 2 "src/../h/../lib/hw.h"
GAS LISTING /tmp/ccyZBuzg.s 			page 4


DEFINED SYMBOLS
                            *ABS*:0000000000000000 syscall_c.c
     /tmp/ccyZBuzg.s:10     .text:0000000000000000 mem_alloc
     /tmp/ccyZBuzg.s:14     .text:0000000000000000 .L0 
     /tmp/ccyZBuzg.s:16     .text:0000000000000000 .L0 
     /tmp/ccyZBuzg.s:17     .text:0000000000000004 .L0 
     /tmp/ccyZBuzg.s:19     .text:0000000000000008 .L0 
     /tmp/ccyZBuzg.s:21     .text:000000000000000c .L0 
     src/syscall_c.c:13     .text:000000000000000c .L0 
     /tmp/ccyZBuzg.s:28     .text:0000000000000010 .L0 
     /tmp/ccyZBuzg.s:30     .text:0000000000000010 .L0 
     /tmp/ccyZBuzg.s:33     .text:0000000000000014 .L0 
     src/syscall_c.c:15     .text:0000000000000018 .L0 
     src/syscall_c.c:17     .text:000000000000001c .L0 
     /tmp/ccyZBuzg.s:46     .text:0000000000000020 .L0 
     src/syscall_c.c:21     .text:0000000000000020 .L0 
     /tmp/ccyZBuzg.s:52     .text:0000000000000024 .L0 
     /tmp/ccyZBuzg.s:54     .text:0000000000000024 .L0 
     /tmp/ccyZBuzg.s:55     .text:0000000000000028 .L0 
     /tmp/ccyZBuzg.s:56     .text:0000000000000028 .L0 
     /tmp/ccyZBuzg.s:58     .text:000000000000002c .L0 
     /tmp/ccyZBuzg.s:60     .text:0000000000000030 .L0 
     /tmp/ccyZBuzg.s:66     .text:0000000000000030 mem_free
     /tmp/ccyZBuzg.s:69     .text:0000000000000030 .L0 
     /tmp/ccyZBuzg.s:71     .text:0000000000000030 .L0 
     /tmp/ccyZBuzg.s:72     .text:0000000000000034 .L0 
     /tmp/ccyZBuzg.s:74     .text:0000000000000038 .L0 
     /tmp/ccyZBuzg.s:76     .text:000000000000003c .L0 
     src/syscall_c.c:32     .text:000000000000003c .L0 
     /tmp/ccyZBuzg.s:84     .text:0000000000000040 .L0 
     src/syscall_c.c:34     .text:0000000000000040 .L0 
     src/syscall_c.c:36     .text:0000000000000044 .L0 
     /tmp/ccyZBuzg.s:93     .text:0000000000000048 .L0 
     src/syscall_c.c:40     .text:0000000000000048 .L0 
     /tmp/ccyZBuzg.s:99     .text:000000000000004c .L0 
     /tmp/ccyZBuzg.s:101    .text:000000000000004c .L0 
     /tmp/ccyZBuzg.s:104    .text:0000000000000054 .L0 
     /tmp/ccyZBuzg.s:105    .text:0000000000000054 .L0 
     /tmp/ccyZBuzg.s:107    .text:0000000000000058 .L0 
     /tmp/ccyZBuzg.s:109    .text:000000000000005c .L0 
     /tmp/ccyZBuzg.s:114    .text:000000000000005c .L0 
                     .debug_frame:0000000000000000 .L0 
     /tmp/ccyZBuzg.s:309    .debug_abbrev:0000000000000000 .Ldebug_abbrev0
     /tmp/ccyZBuzg.s:707    .debug_str:0000000000000172 .LASF22
     /tmp/ccyZBuzg.s:669    .debug_str:000000000000004b .LASF23
     /tmp/ccyZBuzg.s:673    .debug_str:000000000000006d .LASF24
     /tmp/ccyZBuzg.s:5      .text:0000000000000000 .Ltext0
     /tmp/ccyZBuzg.s:112    .text:000000000000005c .Letext0
     /tmp/ccyZBuzg.s:655    .debug_line:0000000000000000 .Ldebug_line0
     /tmp/ccyZBuzg.s:657    .debug_str:0000000000000000 .LASF0
     /tmp/ccyZBuzg.s:693    .debug_str:000000000000011a .LASF1
     /tmp/ccyZBuzg.s:683    .debug_str:00000000000000bf .LASF2
     /tmp/ccyZBuzg.s:677    .debug_str:00000000000000a3 .LASF4
     /tmp/ccyZBuzg.s:671    .debug_str:000000000000005b .LASF3
     /tmp/ccyZBuzg.s:665    .debug_str:0000000000000034 .LASF5
     /tmp/ccyZBuzg.s:675    .debug_str:0000000000000090 .LASF6
     /tmp/ccyZBuzg.s:691    .debug_str:0000000000000107 .LASF7
GAS LISTING /tmp/ccyZBuzg.s 			page 5


     /tmp/ccyZBuzg.s:701    .debug_str:0000000000000151 .LASF8
     /tmp/ccyZBuzg.s:661    .debug_str:0000000000000017 .LASF9
     /tmp/ccyZBuzg.s:663    .debug_str:0000000000000025 .LASF10
     /tmp/ccyZBuzg.s:697    .debug_str:000000000000013d .LASF11
     /tmp/ccyZBuzg.s:667    .debug_str:000000000000003b .LASF12
     /tmp/ccyZBuzg.s:695    .debug_str:000000000000012d .LASF13
     /tmp/ccyZBuzg.s:681    .debug_str:00000000000000b3 .LASF14
     /tmp/ccyZBuzg.s:689    .debug_str:00000000000000f1 .LASF15
     /tmp/ccyZBuzg.s:687    .debug_str:00000000000000db .LASF16
     /tmp/ccyZBuzg.s:679    .debug_str:00000000000000aa .LASF25
     /tmp/ccyZBuzg.s:67     .text:0000000000000030 .LFB1
     /tmp/ccyZBuzg.s:110    .text:000000000000005c .LFE1
     /tmp/ccyZBuzg.s:557    .debug_loc:0000000000000000 .LLST3
     /tmp/ccyZBuzg.s:709    .debug_str:0000000000000210 .LASF17
     /tmp/ccyZBuzg.s:571    .debug_loc:0000000000000039 .LLST4
     /tmp/ccyZBuzg.s:705    .debug_str:000000000000016b .LASF18
     /tmp/ccyZBuzg.s:585    .debug_loc:0000000000000072 .LLST5
     /tmp/ccyZBuzg.s:703    .debug_str:0000000000000161 .LASF26
     /tmp/ccyZBuzg.s:11     .text:0000000000000000 .LFB0
     /tmp/ccyZBuzg.s:61     .text:0000000000000030 .LFE0
     /tmp/ccyZBuzg.s:699    .debug_str:000000000000014c .LASF19
     /tmp/ccyZBuzg.s:592    .debug_loc:0000000000000095 .LLST0
     /tmp/ccyZBuzg.s:659    .debug_str:000000000000000d .LASF20
     /tmp/ccyZBuzg.s:612    .debug_loc:00000000000000e3 .LLST1
     /tmp/ccyZBuzg.s:685    .debug_str:00000000000000cd .LASF21
     /tmp/ccyZBuzg.s:630    .debug_loc:0000000000000120 .LLST2
     /tmp/ccyZBuzg.s:70     .text:0000000000000030 .LVL5
     /tmp/ccyZBuzg.s:97     .text:000000000000004c .LVL7
     /tmp/ccyZBuzg.s:83     .text:0000000000000040 .LVL6
     /tmp/ccyZBuzg.s:102    .text:0000000000000050 .LVL8
     /tmp/ccyZBuzg.s:15     .text:0000000000000000 .LVL0
     /tmp/ccyZBuzg.s:31     .text:0000000000000014 .LVL1
     /tmp/ccyZBuzg.s:34     .text:0000000000000018 .LVL2
     /tmp/ccyZBuzg.s:50     .text:0000000000000024 .LVL4
     /tmp/ccyZBuzg.s:45     .text:0000000000000020 .LVL3
     /tmp/ccyZBuzg.s:115    .debug_info:0000000000000000 .Ldebug_info0

NO UNDEFINED SYMBOLS
