GAS LISTING /tmp/ccnDzrAy.s 			page 1


   1              		.file	"threadWrapperFunctions.cpp"
   2              		.option pic
   3              		.option norelax
   4              		.text
   5              	.Ltext0:
   6              		.align	2
   7              		.globl	_Z14periodicRunnerPv
   9              	_Z14periodicRunnerPv:
  10              	.LFB23:
  11              		.file 1 "src/threadWrapperFunctions.cpp"
   1:src/threadWrapperFunctions.cpp **** //
   2:src/threadWrapperFunctions.cpp **** // Created by os on 5/21/22.
   3:src/threadWrapperFunctions.cpp **** //
   4:src/threadWrapperFunctions.cpp **** 
   5:src/threadWrapperFunctions.cpp **** #include "../h/threadWrapperFunctions.hpp"
   6:src/threadWrapperFunctions.cpp **** #include "../h/syscall_cpp.hpp"
   7:src/threadWrapperFunctions.cpp **** 
   8:src/threadWrapperFunctions.cpp **** void periodicRunner(void* t)
   9:src/threadWrapperFunctions.cpp **** {
  12              		.loc 1 9 1
  13              		.cfi_startproc
  14              	.LVL0:
  15 0000 130101FF 		addi	sp,sp,-16
  16              		.cfi_def_cfa_offset 16
  17 0004 23348100 		sd	s0,8(sp)
  18              		.cfi_offset 8, -8
  19 0008 13040101 		addi	s0,sp,16
  20              		.cfi_def_cfa 8, 0
  10:src/threadWrapperFunctions.cpp ****     /*PeriodicThread* pthr = (Thread*)t;
  11:src/threadWrapperFunctions.cpp ****     while(true)
  12:src/threadWrapperFunctions.cpp ****     {
  13:src/threadWrapperFunctions.cpp ****         pthr->periodicActivation();
  14:src/threadWrapperFunctions.cpp ****         Thread::sleep()
  15:src/threadWrapperFunctions.cpp ****     }*/
  16:src/threadWrapperFunctions.cpp **** }
  21              		.loc 1 16 1 is_stmt 0
  22 000c 03348100 		ld	s0,8(sp)
  23              		.cfi_restore 8
  24              		.cfi_def_cfa 2, 16
  25 0010 13010101 		addi	sp,sp,16
  26              		.cfi_def_cfa_offset 0
  27 0014 67800000 		jr	ra
  28              		.cfi_endproc
  29              	.LFE23:
  31              		.align	2
  32              		.globl	_Z13regularRunnerPv
  34              	_Z13regularRunnerPv:
  35              	.LFB24:
  17:src/threadWrapperFunctions.cpp **** 
  18:src/threadWrapperFunctions.cpp **** void regularRunner(void* t)
  19:src/threadWrapperFunctions.cpp **** {
  36              		.loc 1 19 1 is_stmt 1
  37              		.cfi_startproc
  38              	.LVL1:
  39 0018 130101FF 		addi	sp,sp,-16
  40              		.cfi_def_cfa_offset 16
  41 001c 23348100 		sd	s0,8(sp)
GAS LISTING /tmp/ccnDzrAy.s 			page 2


  42              		.cfi_offset 8, -8
  43 0020 13040101 		addi	s0,sp,16
  44              		.cfi_def_cfa 8, 0
  20:src/threadWrapperFunctions.cpp ****     //Thread* thr = (Thread*)t;
  21:src/threadWrapperFunctions.cpp ****     //thr->run();
  22:src/threadWrapperFunctions.cpp **** }
  45              		.loc 1 22 1 is_stmt 0
  46 0024 03348100 		ld	s0,8(sp)
  47              		.cfi_restore 8
  48              		.cfi_def_cfa 2, 16
  49 0028 13010101 		addi	sp,sp,16
  50              		.cfi_def_cfa_offset 0
  51 002c 67800000 		jr	ra
  52              		.cfi_endproc
  53              	.LFE24:
  55              	.Letext0:
  56              		.file 2 "src/../h/../lib/hw.h"
GAS LISTING /tmp/ccnDzrAy.s 			page 3


DEFINED SYMBOLS
                            *ABS*:0000000000000000 threadWrapperFunctions.cpp
     /tmp/ccnDzrAy.s:9      .text:0000000000000000 _Z14periodicRunnerPv
     /tmp/ccnDzrAy.s:13     .text:0000000000000000 .L0 
     /tmp/ccnDzrAy.s:15     .text:0000000000000000 .L0 
     /tmp/ccnDzrAy.s:16     .text:0000000000000004 .L0 
     /tmp/ccnDzrAy.s:18     .text:0000000000000008 .L0 
     /tmp/ccnDzrAy.s:20     .text:000000000000000c .L0 
     /tmp/ccnDzrAy.s:22     .text:000000000000000c .L0 
     /tmp/ccnDzrAy.s:23     .text:0000000000000010 .L0 
     /tmp/ccnDzrAy.s:24     .text:0000000000000010 .L0 
     /tmp/ccnDzrAy.s:26     .text:0000000000000014 .L0 
     /tmp/ccnDzrAy.s:28     .text:0000000000000018 .L0 
     /tmp/ccnDzrAy.s:34     .text:0000000000000018 _Z13regularRunnerPv
     /tmp/ccnDzrAy.s:37     .text:0000000000000018 .L0 
     /tmp/ccnDzrAy.s:39     .text:0000000000000018 .L0 
     /tmp/ccnDzrAy.s:40     .text:000000000000001c .L0 
     /tmp/ccnDzrAy.s:42     .text:0000000000000020 .L0 
     /tmp/ccnDzrAy.s:44     .text:0000000000000024 .L0 
     /tmp/ccnDzrAy.s:46     .text:0000000000000024 .L0 
     /tmp/ccnDzrAy.s:47     .text:0000000000000028 .L0 
     /tmp/ccnDzrAy.s:48     .text:0000000000000028 .L0 
     /tmp/ccnDzrAy.s:50     .text:000000000000002c .L0 
     /tmp/ccnDzrAy.s:52     .text:0000000000000030 .L0 
     /tmp/ccnDzrAy.s:57     .text:0000000000000030 .L0 
     /tmp/ccnDzrAy.s:234    .debug_abbrev:0000000000000000 .Ldebug_abbrev0
     /tmp/ccnDzrAy.s:483    .debug_str:00000000000000cd .LASF19
     /tmp/ccnDzrAy.s:505    .debug_str:0000000000000212 .LASF20
     /tmp/ccnDzrAy.s:471    .debug_str:0000000000000068 .LASF21
     /tmp/ccnDzrAy.s:5      .text:0000000000000000 .Ltext0
     /tmp/ccnDzrAy.s:55     .text:0000000000000030 .Letext0
     /tmp/ccnDzrAy.s:455    .debug_line:0000000000000000 .Ldebug_line0
     /tmp/ccnDzrAy.s:503    .debug_str:0000000000000205 .LASF0
     /tmp/ccnDzrAy.s:457    .debug_str:0000000000000000 .LASF1
     /tmp/ccnDzrAy.s:479    .debug_str:00000000000000b3 .LASF2
     /tmp/ccnDzrAy.s:475    .debug_str:000000000000009e .LASF4
     /tmp/ccnDzrAy.s:469    .debug_str:0000000000000056 .LASF3
     /tmp/ccnDzrAy.s:465    .debug_str:000000000000003f .LASF5
     /tmp/ccnDzrAy.s:473    .debug_str:000000000000008b .LASF6
     /tmp/ccnDzrAy.s:493    .debug_str:00000000000001ad .LASF7
     /tmp/ccnDzrAy.s:501    .debug_str:00000000000001f5 .LASF8
     /tmp/ccnDzrAy.s:461    .debug_str:0000000000000022 .LASF9
     /tmp/ccnDzrAy.s:463    .debug_str:0000000000000030 .LASF10
     /tmp/ccnDzrAy.s:499    .debug_str:00000000000001e6 .LASF11
     /tmp/ccnDzrAy.s:467    .debug_str:0000000000000046 .LASF12
     /tmp/ccnDzrAy.s:497    .debug_str:00000000000001d6 .LASF13
     /tmp/ccnDzrAy.s:481    .debug_str:00000000000000c1 .LASF14
     /tmp/ccnDzrAy.s:495    .debug_str:00000000000001c0 .LASF15
     /tmp/ccnDzrAy.s:487    .debug_str:000000000000017e .LASF16
     /tmp/ccnDzrAy.s:485    .debug_str:0000000000000179 .LASF17
     /tmp/ccnDzrAy.s:489    .debug_str:0000000000000194 .LASF18
     /tmp/ccnDzrAy.s:477    .debug_str:00000000000000a5 .LASF22
     /tmp/ccnDzrAy.s:491    .debug_str:0000000000000199 .LASF23
     /tmp/ccnDzrAy.s:35     .text:0000000000000018 .LFB24
     /tmp/ccnDzrAy.s:53     .text:0000000000000030 .LFE24
     /tmp/ccnDzrAy.s:459    .debug_str:0000000000000013 .LASF24
     /tmp/ccnDzrAy.s:507    .debug_str:0000000000000231 .LASF25
GAS LISTING /tmp/ccnDzrAy.s 			page 4


     /tmp/ccnDzrAy.s:10     .text:0000000000000000 .LFB23
     /tmp/ccnDzrAy.s:29     .text:0000000000000018 .LFE23
     /tmp/ccnDzrAy.s:58     .debug_info:0000000000000000 .Ldebug_info0

NO UNDEFINED SYMBOLS
