GAS LISTING /tmp/ccB71jIu.s 			page 1


   1              		.file	"threadHandler.c"
   2              		.option nopic
   3              		.option norelax
   4              		.text
   5              	.Ltext0:
   6              		.cfi_sections	.debug_frame
   7              		.align	2
   8              		.globl	createThread
  10              	createThread:
  11              	.LFB0:
  12              		.file 1 "src/threadHandler.c"
   1:src/threadHandler.c **** //
   2:src/threadHandler.c **** // Created by os on 4/26/22.
   3:src/threadHandler.c **** //
   4:src/threadHandler.c **** 
   5:src/threadHandler.c **** #include "../h/threadHandler.h"
   6:src/threadHandler.c **** #include "../h/memoryHandler.h"
   7:src/threadHandler.c **** 
   8:src/threadHandler.c **** void createThread()
   9:src/threadHandler.c **** {
  13              		.loc 1 9 1
  14              		.cfi_startproc
  15 0000 130101FF 		addi	sp,sp,-16
  16              		.cfi_def_cfa_offset 16
  17 0004 23341100 		sd	ra,8(sp)
  18 0008 23308100 		sd	s0,0(sp)
  19              		.cfi_offset 1, -8
  20              		.cfi_offset 8, -16
  21 000c 13040101 		addi	s0,sp,16
  22              		.cfi_def_cfa 8, 0
  10:src/threadHandler.c ****     uint64 size;
  23              		.loc 1 10 5
  11:src/threadHandler.c ****     __asm__ volatile("mv %0, a1" : "=r"(size));
  24              		.loc 1 11 5
  25              	#APP
  26              	# 11 "src/threadHandler.c" 1
  12              	    void* threadAddr = tryToAllocateFragment(size);
  27              		mv a0, a1
  28              	# 0 "" 2
  29              	.LVL0:
  30              		.loc 1 12 5
  31              		.loc 1 12 24 is_stmt 0
  32              	#NO_APP
  33 0014 97000000 		call	tryToAllocateFragment
  33      E7800000 
  34              	.LVL1:
  13:src/threadHandler.c ****     if(threadAddr == 0) {
  35              		.loc 1 13 5 is_stmt 1
  36              		.loc 1 13 7 is_stmt 0
  37 001c 63000502 		beqz	a0,.L5
  14:src/threadHandler.c ****         __asm__ volatile("li a0, 0x01");
  15:src/threadHandler.c ****         return;
  16:src/threadHandler.c ****     }
  17:src/threadHandler.c **** 
  18:src/threadHandler.c ****     uint64 start_routine_addr;
  38              		.loc 1 18 5 is_stmt 1
  19:src/threadHandler.c ****     __asm__ volatile("mv %0, a2" : "=r"(start_routine_addr));
GAS LISTING /tmp/ccB71jIu.s 			page 2


  39              		.loc 1 19 5
  40              	#APP
  41              	# 19 "src/threadHandler.c" 1
  20              	
  42              		mv a5, a2
  43              	# 0 "" 2
  44              	.LVL2:
  21:src/threadHandler.c ****     uint64 args_addr;
  45              		.loc 1 21 5
  22:src/threadHandler.c ****     __asm__ volatile("mv %0, a3" : "=r"(args_addr));
  46              		.loc 1 22 5
  47              	# 22 "src/threadHandler.c" 1
  23              	
  48              		mv a5, a3
  49              	# 0 "" 2
  50              	.LVL3:
  24:src/threadHandler.c ****     uint64 thread_sp;
  51              		.loc 1 24 5
  25:src/threadHandler.c ****     __asm__ volatile("mv %0, a4" : "=r"(thread_sp));
  52              		.loc 1 25 5
  53              	# 25 "src/threadHandler.c" 1
  26              	
  54              		mv a5, a4
  55              	# 0 "" 2
  56              	.LVL4:
  57              	#NO_APP
  58              	.L1:
  27:src/threadHandler.c ****     //__asm__ volatile("csrw sp, a0" : :"r"(thread_sp));
  28:src/threadHandler.c **** }
  59              		.loc 1 28 1 is_stmt 0
  60 002c 83308100 		ld	ra,8(sp)
  61              		.cfi_remember_state
  62              		.cfi_restore 1
  63 0030 03340100 		ld	s0,0(sp)
  64              		.cfi_restore 8
  65              		.cfi_def_cfa 2, 16
  66 0034 13010101 		addi	sp,sp,16
  67              		.cfi_def_cfa_offset 0
  68 0038 67800000 		jr	ra
  69              	.L5:
  70              		.cfi_restore_state
  14:src/threadHandler.c ****         return;
  71              		.loc 1 14 9 is_stmt 1
  72              	#APP
  73              	# 14 "src/threadHandler.c" 1
  15:src/threadHandler.c ****     }
  74              		li a0, 0x01
  75              	# 0 "" 2
  76              		.loc 1 15 9
  77              	#NO_APP
  78 0040 6FF0DFFE 		j	.L1
  79              		.cfi_endproc
  80              	.LFE0:
  82              	.Letext0:
  83              		.file 2 "src/../h/../lib/hw.h"
  84              		.file 3 "src/../h/memoryHandler.h"
GAS LISTING /tmp/ccB71jIu.s 			page 3


DEFINED SYMBOLS
                            *ABS*:0000000000000000 threadHandler.c
     /tmp/ccB71jIu.s:10     .text:0000000000000000 createThread
     /tmp/ccB71jIu.s:14     .text:0000000000000000 .L0 
     /tmp/ccB71jIu.s:15     .text:0000000000000000 .L0 
     /tmp/ccB71jIu.s:16     .text:0000000000000004 .L0 
     /tmp/ccB71jIu.s:19     .text:000000000000000c .L0 
     /tmp/ccB71jIu.s:20     .text:000000000000000c .L0 
     /tmp/ccB71jIu.s:22     .text:0000000000000010 .L0 
     /tmp/ccB71jIu.s:24     .text:0000000000000010 .L0 
 src/threadHandler.c:11     .text:0000000000000010 .L0 
     /tmp/ccB71jIu.s:31     .text:0000000000000014 .L0 
     /tmp/ccB71jIu.s:33     .text:0000000000000014 .L0 
     /tmp/ccB71jIu.s:36     .text:000000000000001c .L0 
     /tmp/ccB71jIu.s:37     .text:000000000000001c .L0 
     /tmp/ccB71jIu.s:39     .text:0000000000000020 .L0 
 src/threadHandler.c:19     .text:0000000000000020 .L0 
     /tmp/ccB71jIu.s:46     .text:0000000000000024 .L0 
 src/threadHandler.c:22     .text:0000000000000024 .L0 
     /tmp/ccB71jIu.s:52     .text:0000000000000028 .L0 
 src/threadHandler.c:25     .text:0000000000000028 .L0 
     /tmp/ccB71jIu.s:60     .text:000000000000002c .L0 
     /tmp/ccB71jIu.s:61     .text:0000000000000030 .L0 
     /tmp/ccB71jIu.s:62     .text:0000000000000030 .L0 
     /tmp/ccB71jIu.s:64     .text:0000000000000034 .L0 
     /tmp/ccB71jIu.s:65     .text:0000000000000034 .L0 
     /tmp/ccB71jIu.s:67     .text:0000000000000038 .L0 
     /tmp/ccB71jIu.s:70     .text:000000000000003c .L0 
 src/threadHandler.c:14     .text:000000000000003c .L0 
     /tmp/ccB71jIu.s:78     .text:0000000000000040 .L0 
     /tmp/ccB71jIu.s:79     .text:0000000000000044 .L0 
     /tmp/ccB71jIu.s:85     .text:0000000000000044 .L0 
                     .debug_frame:0000000000000000 .L0 
     /tmp/ccB71jIu.s:69     .text:000000000000003c .L5
     /tmp/ccB71jIu.s:58     .text:000000000000002c .L1
     /tmp/ccB71jIu.s:366    .debug_abbrev:0000000000000000 .Ldebug_abbrev0
     /tmp/ccB71jIu.s:731    .debug_str:00000000000001f5 .LASF30
     /tmp/ccB71jIu.s:675    .debug_str:000000000000003c .LASF31
     /tmp/ccB71jIu.s:681    .debug_str:000000000000006c .LASF32
     /tmp/ccB71jIu.s:5      .text:0000000000000000 .Ltext0
     /tmp/ccB71jIu.s:82     .text:0000000000000044 .Letext0
     /tmp/ccB71jIu.s:663    .debug_line:0000000000000000 .Ldebug_line0
     /tmp/ccB71jIu.s:667    .debug_str:000000000000000b .LASF0
     /tmp/ccB71jIu.s:719    .debug_str:0000000000000194 .LASF1
     /tmp/ccB71jIu.s:697    .debug_str:00000000000000e2 .LASF2
     /tmp/ccB71jIu.s:687    .debug_str:00000000000000b0 .LASF4
     /tmp/ccB71jIu.s:679    .debug_str:000000000000005a .LASF3
     /tmp/ccB71jIu.s:673    .debug_str:0000000000000035 .LASF5
     /tmp/ccB71jIu.s:685    .debug_str:000000000000009d .LASF6
     /tmp/ccB71jIu.s:717    .debug_str:0000000000000181 .LASF7
     /tmp/ccB71jIu.s:727    .debug_str:00000000000001d8 .LASF8
     /tmp/ccB71jIu.s:669    .debug_str:0000000000000018 .LASF9
     /tmp/ccB71jIu.s:671    .debug_str:0000000000000026 .LASF10
     /tmp/ccB71jIu.s:723    .debug_str:00000000000001b7 .LASF11
     /tmp/ccB71jIu.s:691    .debug_str:00000000000000c1 .LASF12
     /tmp/ccB71jIu.s:721    .debug_str:00000000000001a7 .LASF13
     /tmp/ccB71jIu.s:695    .debug_str:00000000000000d6 .LASF14
GAS LISTING /tmp/ccB71jIu.s 			page 4


     /tmp/ccB71jIu.s:709    .debug_str:0000000000000135 .LASF15
     /tmp/ccB71jIu.s:705    .debug_str:0000000000000116 .LASF16
     /tmp/ccB71jIu.s:715    .debug_str:0000000000000174 .LASF19
     /tmp/ccB71jIu.s:693    .debug_str:00000000000000d1 .LASF17
     /tmp/ccB71jIu.s:733    .debug_str:0000000000000293 .LASF18
     /tmp/ccB71jIu.s:707    .debug_str:000000000000012c .LASF20
     /tmp/ccB71jIu.s:725    .debug_str:00000000000001c6 .LASF21
     /tmp/ccB71jIu.s:683    .debug_str:000000000000008f .LASF22
     /tmp/ccB71jIu.s:711    .debug_str:000000000000014b .LASF23
     /tmp/ccB71jIu.s:689    .debug_str:00000000000000b7 .LASF24
     /tmp/ccB71jIu.s:701    .debug_str:0000000000000103 .LASF25
     /tmp/ccB71jIu.s:729    .debug_str:00000000000001e8 .LASF33
     /tmp/ccB71jIu.s:11     .text:0000000000000000 .LFB0
     /tmp/ccB71jIu.s:80     .text:0000000000000044 .LFE0
     /tmp/ccB71jIu.s:643    .debug_loc:0000000000000000 .LLST0
     /tmp/ccB71jIu.s:665    .debug_str:0000000000000000 .LASF26
     /tmp/ccB71jIu.s:699    .debug_str:00000000000000f0 .LASF27
     /tmp/ccB71jIu.s:703    .debug_str:000000000000010c .LASF28
     /tmp/ccB71jIu.s:677    .debug_str:0000000000000050 .LASF29
     /tmp/ccB71jIu.s:34     .text:000000000000001c .LVL1
     /tmp/ccB71jIu.s:713    .debug_str:000000000000015e .LASF34
     /tmp/ccB71jIu.s:29     .text:0000000000000014 .LVL0
     /tmp/ccB71jIu.s:86     .debug_info:0000000000000000 .Ldebug_info0

UNDEFINED SYMBOLS
tryToAllocateFragment
