GAS LISTING /tmp/ccH0umGe.s 			page 1


   1              		.file	"userMain.cpp"
   2              		.option pic
   3              		.option norelax
   4              		.text
   5              	.Ltext0:
   6              		.align	2
   7              		.globl	_Z8userMainv
   9              	_Z8userMainv:
  10              	.LFB0:
  11              		.file 1 "src/userMain.cpp"
   1:src/userMain.cpp **** //#include "../test/Threads_C_API_test.hpp" // zadatak 2, niti C API i sinhrona promena konteksta
   2:src/userMain.cpp **** //#include "../test/Threads_CPP_API_test.hpp" // zadatak 2., niti CPP API i sinhrona promena kontek
   3:src/userMain.cpp **** 
   4:src/userMain.cpp **** //#include "../test/ConsumerProducer_C_API_test.hpp" // zadatak 3., kompletan C API sa semaforima, 
   5:src/userMain.cpp **** //#include "../test/ConsumerProducer_CPP_Sync_API_test.hpp" // zadatak 3., kompletan CPP API sa sem
   6:src/userMain.cpp **** 
   7:src/userMain.cpp **** //#include "../test/ThreadSleep_C_API_test.hpp" // thread_sleep test C API
   8:src/userMain.cpp **** //#include "../test/ConsumerProducer_CPP_API_test.hpp" // zadatak 4. CPP API i asinhrona promena ko
   9:src/userMain.cpp **** 
  10:src/userMain.cpp **** void userMain() {
  12              		.loc 1 10 17
  13              		.cfi_startproc
  14 0000 130101FF 		addi	sp,sp,-16
  15              		.cfi_def_cfa_offset 16
  16 0004 23348100 		sd	s0,8(sp)
  17              		.cfi_offset 8, -8
  18 0008 13040101 		addi	s0,sp,16
  19              		.cfi_def_cfa 8, 0
  11:src/userMain.cpp ****     //Threads_C_API_test(); // zadatak 2., niti C API i sinhrona promena konteksta
  12:src/userMain.cpp ****     //Threads_CPP_API_test(); // zadatak 2., niti CPP API i sinhrona promena konteksta
  13:src/userMain.cpp **** 
  14:src/userMain.cpp ****     //producerConsumer_C_API(); // zadatak 3., kompletan C API sa semaforima, sinhrona promena kont
  15:src/userMain.cpp ****     //producerConsumer_CPP_Sync_API(); // zadatak 3., kompletan CPP API sa semaforima, sinhrona pro
  16:src/userMain.cpp **** 
  17:src/userMain.cpp ****     //testSleeping(); // thread_sleep test C API
  18:src/userMain.cpp ****     //ConsumerProducerCPP::testConsumerProducer(); // zadatak 4. CPP API i asinhrona promena kontek
  19:src/userMain.cpp **** 
  20:src/userMain.cpp **** }...
  20              		.loc 1 20 1 is_stmt 0
  21 000c 03348100 		ld	s0,8(sp)
  22              		.cfi_restore 8
  23              		.cfi_def_cfa 2, 16
  24 0010 13010101 		addi	sp,sp,16
  25              		.cfi_def_cfa_offset 0
  26 0014 67800000 		jr	ra
  27              		.cfi_endproc
  28              	.LFE0:
  30              	.Letext0:
GAS LISTING /tmp/ccH0umGe.s 			page 2


DEFINED SYMBOLS
                            *ABS*:0000000000000000 userMain.cpp
     /tmp/ccH0umGe.s:9      .text:0000000000000000 _Z8userMainv
     /tmp/ccH0umGe.s:13     .text:0000000000000000 .L0 
     /tmp/ccH0umGe.s:14     .text:0000000000000000 .L0 
     /tmp/ccH0umGe.s:15     .text:0000000000000004 .L0 
     /tmp/ccH0umGe.s:17     .text:0000000000000008 .L0 
     /tmp/ccH0umGe.s:19     .text:000000000000000c .L0 
     /tmp/ccH0umGe.s:21     .text:000000000000000c .L0 
     /tmp/ccH0umGe.s:22     .text:0000000000000010 .L0 
     /tmp/ccH0umGe.s:23     .text:0000000000000010 .L0 
     /tmp/ccH0umGe.s:25     .text:0000000000000014 .L0 
     /tmp/ccH0umGe.s:27     .text:0000000000000018 .L0 
     /tmp/ccH0umGe.s:31     .text:0000000000000018 .L0 
     /tmp/ccH0umGe.s:57     .debug_abbrev:0000000000000000 .Ldebug_abbrev0
     /tmp/ccH0umGe.s:126    .debug_str:000000000000004a .LASF0
     /tmp/ccH0umGe.s:122    .debug_str:0000000000000030 .LASF1
     /tmp/ccH0umGe.s:118    .debug_str:0000000000000000 .LASF2
     /tmp/ccH0umGe.s:5      .text:0000000000000000 .Ltext0
     /tmp/ccH0umGe.s:30     .text:0000000000000018 .Letext0
     /tmp/ccH0umGe.s:116    .debug_line:0000000000000000 .Ldebug_line0
     /tmp/ccH0umGe.s:124    .debug_str:0000000000000041 .LASF3
     /tmp/ccH0umGe.s:120    .debug_str:0000000000000023 .LASF4
     /tmp/ccH0umGe.s:10     .text:0000000000000000 .LFB0
     /tmp/ccH0umGe.s:28     .text:0000000000000018 .LFE0
     /tmp/ccH0umGe.s:32     .debug_info:0000000000000000 .Ldebug_info0

NO UNDEFINED SYMBOLS
